<?xml version="1.0" encoding="utf-8"?><testsuites><testsuite errors="0" failures="0" hostname="e944e6a93dfa" name="pytest" skipped="0" tests="57" time="4.873" timestamp="2021-01-21T17:55:42.238070"><testcase classname="tests.unit.test_auto_env_vars" file="tests/unit/test_auto_env_vars.py" line="5" name="test_env_vars_set_before_the_with_statement_are_unaffected" time="0.009" /><testcase classname="tests.unit.test_auto_env_vars" file="tests/unit/test_auto_env_vars.py" line="14" name="test_new_env_vars_set_inside_with_statement_are_unavailable_after_the_with_statement" time="0.002" /><testcase classname="tests.unit.test_auto_env_vars" file="tests/unit/test_auto_env_vars.py" line="24" name="test_new_env_vars_passed_in_init_are_available_only_inside_the_with_statement" time="0.002" /><testcase classname="tests.unit.test_auto_env_vars" file="tests/unit/test_auto_env_vars.py" line="36" name="test_new_env_vars_set_inside_with_statement_can_be_interrogated_after_the_with_statement_in_context_object" time="0.003" /><testcase classname="tests.unit.test_bitbucket" file="tests/unit/test_bitbucket.py" line="32" name="test_verify_pull_request_evidence_true_if_force_compliant" time="0.002" /><testcase classname="tests.unit.test_bitbucket" file="tests/unit/test_bitbucket.py" line="37" name="test_verify_pull_request_WHEN_empty_pr_data_THEN_returns_false" time="0.001" /><testcase classname="tests.unit.test_cdb_utils" file="tests/unit/test_cdb_utils.py" line="5" name="test_load_user_data_None_if_not_in_env" time="0.002" /><testcase classname="tests.unit.test_cdb_utils" file="tests/unit/test_cdb_utils.py" line="12" name="test_load_user_data_returns_object_from_file" time="0.191" /><testcase classname="tests.unit.test_control_junit" file="tests/unit/test_control_junit.py" line="8" name="test_is_compliant_suite_returns_true_WHEN_no_failures_AND_no_errors_in_JUnitXML" time="0.002" /><testcase classname="tests.unit.test_control_junit" file="tests/unit/test_control_junit.py" line="28" name="test_is_compliant_suite_returns_fails_WHEN_failures_in_JUnitXML" time="0.002" /><testcase classname="tests.unit.test_control_junit" file="tests/unit/test_control_junit.py" line="49" name="test_is_compliant_suite_returns_false_WHEN_errors_in_JUnitXML" time="0.002" /><testcase classname="tests.unit.test_control_junit" file="tests/unit/test_control_junit.py" line="70" name="test_junit_parser_can_load_junit_output" time="0.022" /><testcase classname="tests.unit.test_control_junit" file="tests/unit/test_control_junit.py" line="79" name="test_junit_parser_can_validate_junit_output" time="0.006" /><testcase classname="tests.unit.test_control_junit" file="tests/unit/test_control_junit.py" line="85" name="test_junit_parser_can_load_pytest_output" time="0.021" /><testcase classname="tests.unit.test_control_junit" file="tests/unit/test_control_junit.py" line="94" name="test_junit_parser_can_validate_pytest_output" time="0.005" /><testcase classname="tests.unit.test_control_junit" file="tests/unit/test_control_junit.py" line="100" name="test_junit_parser_can_load_pytest_failed_output" time="0.013" /><testcase classname="tests.unit.test_control_junit" file="tests/unit/test_control_junit.py" line="110" name="test_junit_parser_can_validate_pytest_failed_output" time="0.005" /><testcase classname="tests.unit.test_control_junit" file="tests/unit/test_control_junit.py" line="116" name="test_junit_parser_can_load_owasp_output" time="0.017" /><testcase classname="tests.unit.test_control_junit" file="tests/unit/test_control_junit.py" line="126" name="test_junit_parser_can_validate_owasp_output" time="0.007" /><testcase classname="tests.unit.test_control_junit" file="tests/unit/test_control_junit.py" line="132" name="test_junit_parser_can_load_owasp_failed_output" time="0.028" /><testcase classname="tests.unit.test_control_junit" file="tests/unit/test_control_junit.py" line="142" name="test_junit_parser_can_validate_owasp_failed_output" time="0.011" /><testcase classname="tests.unit.test_control_junit" file="tests/unit/test_control_junit.py" line="148" name="test_junit_parser_can_load_surefire_output" time="0.013" /><testcase classname="tests.unit.test_control_junit" file="tests/unit/test_control_junit.py" line="159" name="test_failing_surefire_testxml_results_in_non_compliant_evidence" time="0.010" /><testcase classname="tests.unit.test_control_junit" file="tests/unit/test_control_junit.py" line="166" name="test_passing_surefire_testxml_results_in_compliant_evidence" time="0.014" /><testcase classname="tests.unit.test_control_junit" file="tests/unit/test_control_junit.py" line="173" name="test_list_test_result_files" time="0.007" /><testcase classname="tests.unit.test_control_junit" file="tests/unit/test_control_junit.py" line="179" name="test_list_test_result_files_filters_failsafe_summary_xml" time="0.004" /><testcase classname="tests.unit.test_control_junit" file="tests/unit/test_control_junit.py" line="184" name="test_is_compliant_tests_directory_passes_if_every_file_has_no_failures" time="0.004" /><testcase classname="tests.unit.test_control_junit" file="tests/unit/test_control_junit.py" line="199" name="test_is_compliant_tests_directory_fails_if_a_file_has_failures" time="0.003" /><testcase classname="tests.unit.test_control_junit" file="tests/unit/test_control_junit.py" line="214" name="test_passing_failsafe_testxml_results_in_compliant_evidence" time="0.021" /><testcase classname="tests.unit.test_control_release" file="tests/unit/test_control_release.py" line="3" name="test_url_for_release" time="0.002" /><testcase classname="tests.unit.test_create_approval" file="tests/unit/test_create_approval.py" line="25" name="test_url_for_approvals" time="0.004" /><testcase classname="tests.unit.test_create_approval" file="tests/unit/test_create_approval.py" line="31" name="test_create_approval_base_payload" time="0.002" /><testcase classname="tests.unit.test_create_approval" file="tests/unit/test_create_approval.py" line="56" name="test_create_approval_dict" time="0.002" /><testcase classname="tests.unit.test_create_deployment" file="tests/unit/test_create_deployment.py" line="3" name="test_create_deployment_payload" time="0.002" /><testcase classname="tests.unit.test_create_deployment" file="tests/unit/test_create_deployment.py" line="19" name="test_create_deployment_payload_with_build_url" time="0.002" /><testcase classname="tests.unit.test_create_deployment" file="tests/unit/test_create_deployment.py" line="36" name="test_create_deployment_payload_with_user_data" time="0.003" /><testcase classname="tests.unit.test_create_release" file="tests/unit/test_create_release.py" line="26" name="test_url_for_release" time="0.002" /><testcase classname="tests.unit.test_create_release" file="tests/unit/test_create_release.py" line="32" name="test_create_release_dict" time="0.001" /><testcase classname="tests.unit.test_create_release" file="tests/unit/test_create_release.py" line="50" name="test_parse_artifact_by_commit" time="0.002" /><testcase classname="tests.unit.test_create_release" file="tests/unit/test_create_release.py" line="84" name="test_parse_artifact_by_commit_when_no_artifacts_raises_error" time="0.002" /><testcase classname="tests.unit.test_create_release" file="tests/unit/test_create_release.py" line="92" name="test_url_for_releases" time="0.001" /><testcase classname="tests.unit.test_create_release" file="tests/unit/test_create_release.py" line="98" name="test_url_for_commit" time="0.002" /><testcase classname="tests.unit.test_git" file="tests/unit/test_git.py" line="19" name="test_repo_is_present_in_image" time="0.004" /><testcase classname="tests.unit.test_git" file="tests/unit/test_git.py" line="24" name="test_is_repo" time="0.011" /><testcase classname="tests.unit.test_git" file="tests/unit/test_git.py" line="30" name="test_list_commits_between_master_and_production" time="0.007" /><testcase classname="tests.unit.test_git" file="tests/unit/test_git.py" line="38" name="test_list_commits_between_approval_branch_and_production" time="0.004" /><testcase classname="tests.unit.test_git" file="tests/unit/test_git.py" line="45" name="test_list_commits_between_master_and_commit" time="0.004" /><testcase classname="tests.unit.test_http" file="tests/unit/test_http.py" line="5" name="test_put_dry_run_doesnt_call" time="0.018" /><testcase classname="tests.unit.test_http" file="tests/unit/test_http.py" line="14" name="test_post_dry_run_doesnt_call" time="0.018" /><testcase classname="tests.unit.test_http_retry" file="tests/unit/test_http_retry.py" line="8" name="test_total_retry_sleep_time_is_about_30_seconds" time="0.001" /><testcase classname="tests.unit.test_http_retry" file="tests/unit/test_http_retry.py" line="12" name="test_no_retries_when_http_call_is_not_503" time="0.231" /><testcase classname="tests.unit.test_http_retry" file="tests/unit/test_http_retry.py" line="23" name="test_503_post_retries_5_times_then_raises_HttpRetryExhausted" time="0.118" /><testcase classname="tests.unit.test_http_retry" file="tests/unit/test_http_retry.py" line="35" name="test_503_put_retries_5_times_then_raises_HttpRetryExhausted" time="0.119" /><testcase classname="tests.unit.test_http_retry" file="tests/unit/test_http_retry.py" line="47" name="test_503_get_retries_5_times_then_raises_HttpRetryExhausted" time="0.123" /><testcase classname="tests.unit.test_http_retry" file="tests/unit/test_http_retry.py" line="59" name="test_post_stops_retrying_when_non_503_and_returns_None" time="0.058" /><testcase classname="tests.unit.test_http_retry" file="tests/unit/test_http_retry.py" line="71" name="test_put_stops_retrying_when_non_503_and_returns_None" time="0.081" /><testcase classname="tests.unit.test_http_retry" file="tests/unit/test_http_retry.py" line="83" name="test_get_stops_retrying_when_non_503_and_returns_response_json" time="0.074" /></testsuite></testsuites>